2025-02-09 11:46:42,237 - Loading Excel dataset: Book2.xlsx
2025-02-09 11:46:42,346 - Loading CSV dataset: cleaned_spam_data.csv
2025-02-09 11:46:42,626 - Loading CSV dataset: data1.csv
2025-02-09 11:46:45,806 - Loading Excel dataset: data1.xlsx
2025-02-09 11:46:52,018 - Loading CSV dataset: datatest1.csv
2025-02-09 11:46:52,023 - Loading Excel dataset: datatest1.xlsx
2025-02-09 11:46:52,034 - Loading CSV dataset: emails.csv
2025-02-09 11:46:52,531 - Combined dataset size: (188243, 799)
2025-02-09 11:47:39,188 - Loading Excel dataset: Book2.xlsx
2025-02-09 11:47:39,291 - Loading CSV dataset: cleaned_spam_data.csv
2025-02-09 11:47:39,563 - Loading CSV dataset: data1.csv
2025-02-09 11:47:42,734 - Loading Excel dataset: data1.xlsx
2025-02-09 11:47:48,981 - Loading CSV dataset: datatest1.csv
2025-02-09 11:47:48,985 - Loading Excel dataset: datatest1.xlsx
2025-02-09 11:47:48,996 - Loading CSV dataset: emails.csv
2025-02-09 11:47:49,478 - Combined dataset size: (188243, 799)
2025-02-09 11:50:48,174 - Loading Excel dataset: Book2.xlsx
2025-02-09 11:50:48,280 - Loading CSV dataset: cleaned_spam_data.csv
2025-02-09 11:50:48,561 - Loading CSV dataset: data1.csv
2025-02-09 11:50:51,711 - Loading Excel dataset: data1.xlsx
2025-02-09 11:50:57,741 - Loading CSV dataset: datatest1.csv
2025-02-09 11:50:57,746 - Loading Excel dataset: datatest1.xlsx
2025-02-09 11:50:57,756 - Loading CSV dataset: emails.csv
2025-02-09 11:50:58,241 - Combined dataset size: (188243, 799)
2025-02-09 11:53:48,444 - Loading CSV dataset: cleaned_spam_data.csv
2025-02-09 11:53:48,722 - Loading CSV dataset: data1.csv
2025-02-09 11:53:51,914 - Loading Excel dataset: data1.xlsx
2025-02-09 11:53:58,033 - Loading CSV dataset: datatest1.csv
2025-02-09 11:53:58,037 - Loading CSV dataset: emails.csv
2025-02-09 11:53:58,921 - Combined dataset size: (188096, 799)
2025-02-09 11:58:51,238 - Loading CSV dataset: cleaned_spam_data.csv
2025-02-09 11:58:51,517 - Loading CSV dataset: data1.csv
2025-02-09 11:58:54,656 - Loading Excel dataset: data1.xlsx
2025-02-09 11:59:00,914 - Loading CSV dataset: datatest1.csv
2025-02-09 11:59:00,919 - Loading CSV dataset: emails.csv
2025-02-09 11:59:01,807 - Combined dataset size: (188096, 799)
2025-02-09 12:11:11,418 - Loading CSV dataset: cleaned_spam_data.csv
2025-02-09 12:11:11,689 - Loading Excel dataset: data1.xlsx
2025-02-09 12:11:17,380 - Loading CSV dataset: datatest1.csv
2025-02-09 12:11:17,384 - Loading CSV dataset: emails.csv
2025-02-09 12:11:17,836 - Combined dataset size: (116610, 799)
2025-02-09 12:11:47,482 - Loading CSV dataset: cleaned_spam_data.csv
2025-02-09 12:11:47,761 - Loading Excel dataset: data1.xlsx
2025-02-09 12:11:53,892 - Loading CSV dataset: emails.csv
2025-02-09 12:11:54,349 - Combined dataset size: (116486, 799)
2025-02-09 12:13:12,478 - Loading CSV dataset: cleaned_spam_data.csv
2025-02-09 12:13:12,761 - Loading Excel dataset: data1.xlsx
2025-02-09 12:13:18,310 - Loading CSV dataset: emails.csv
2025-02-09 12:13:18,612 - Combined dataset size: (116486, 799)
2025-02-09 12:13:53,186 - Loading CSV dataset: cleaned_spam_data.csv
2025-02-09 12:13:53,455 - Loading CSV dataset: emails.csv
2025-02-09 12:13:53,495 - Combined dataset size: (44884, 2)
2025-02-09 12:16:39,856 - Loading CSV dataset: cleaned_spam_data.csv
2025-02-09 12:16:40,150 - Loading CSV dataset: data1.csv
2025-02-09 12:16:43,398 - Loading Excel dataset: data1.xlsx
2025-02-09 12:16:49,907 - Loading CSV dataset: datatest1.csv
2025-02-09 12:16:49,912 - Loading CSV dataset: emails.csv
2025-02-09 12:16:50,492 - Combined dataset size: (188096, 799)
2025-02-09 12:19:10,632 - Loading CSV dataset: cleaned_spam_data.csv
2025-02-09 12:19:10,920 - Loading CSV dataset: data1.csv
2025-02-09 12:19:14,039 - Loading Excel dataset: data1.xlsx
2025-02-09 12:19:19,936 - Loading CSV dataset: datatest1.csv
2025-02-09 12:19:19,941 - Loading CSV dataset: emails.csv
2025-02-09 12:19:20,519 - Combined dataset size: (188096, 799)
2025-02-09 12:19:21,099 - Cleaned dataset size: 5728 (Dropped 182368 rows)
2025-02-09 12:19:24,964 - Model Accuracy: 0.9868
2025-02-09 12:19:24,967 - Classification Report:
              precision    recall  f1-score   support

         0.0       0.99      0.98      0.99       859
         1.0       0.98      0.99      0.99       885

    accuracy                           0.99      1744
   macro avg       0.99      0.99      0.99      1744
weighted avg       0.99      0.99      0.99      1744

2025-02-09 12:19:25,127 - ROC-AUC: 0.9994
2025-02-09 12:19:25,932 - All outputs saved to output folder.
2025-02-09 12:35:32,263 - Cleaned data saved to sorted_datasets\cleaned_spam_data.csv
2025-02-09 12:35:35,536 - Skipping data1.csv: Missing 'text' or 'spam' column.
2025-02-09 12:35:41,992 - Skipping data1.xlsx: Missing 'text' or 'spam' column.
2025-02-09 12:35:42,053 - Skipping datatest1.csv: Missing 'text' or 'spam' column.
2025-02-09 12:35:42,413 - Cleaned data saved to sorted_datasets\emails.csv
2025-02-09 12:35:42,414 - Loading datasets from sorted_datasets
2025-02-09 12:35:43,077 - Loaded combined dataset of size: (50669, 797)
2025-02-09 12:35:46,783 - Model Accuracy: 0.9494
2025-02-09 12:35:46,788 - Classification Report:
              precision    recall  f1-score   support

         0.0       0.96      0.94      0.95      9572
         1.0       0.94      0.96      0.95      9572

    accuracy                           0.95     19144
   macro avg       0.95      0.95      0.95     19144
weighted avg       0.95      0.95      0.95     19144

2025-02-09 12:35:46,795 - Model and vectorizer saved.
2025-02-09 12:35:46,962 - Confusion matrix saved.
2025-02-09 12:47:39,636 - Cleaned data saved to sorted_datasets\cleaned_spam_data.csv
2025-02-09 12:47:42,902 - Skipping data1.csv: Missing 'text' or 'spam' column.
2025-02-09 12:47:49,509 - Skipping data1.xlsx: Missing 'text' or 'spam' column.
2025-02-09 12:47:49,571 - Skipping datatest1.csv: Missing 'text' or 'spam' column.
2025-02-09 12:47:49,931 - Cleaned data saved to sorted_datasets\emails.csv
2025-02-09 12:47:49,932 - Loading datasets from sorted_datasets
2025-02-09 12:47:50,588 - Loaded combined dataset of size: (50669, 797)
2025-02-09 12:47:54,225 - Model Accuracy: 0.9494
2025-02-09 12:47:54,231 - Classification Report:
              precision    recall  f1-score   support

         0.0       0.96      0.94      0.95      9572
         1.0       0.94      0.96      0.95      9572

    accuracy                           0.95     19144
   macro avg       0.95      0.95      0.95     19144
weighted avg       0.95      0.95      0.95     19144

2025-02-09 12:47:54,239 - Model and vectorizer saved.
2025-02-09 12:47:54,397 - Confusion matrix saved.
2025-02-09 12:58:30,777 - Cleaned data saved to sorted_datasets\cleaned_spam_data.csv
2025-02-09 12:58:33,948 - Skipping data1.csv: Missing 'text' or 'spam' column.
2025-02-09 12:58:40,411 - Skipping data1.xlsx: Missing 'text' or 'spam' column.
2025-02-09 12:58:40,476 - Skipping datatest1.csv: Missing 'text' or 'spam' column.
2025-02-09 12:58:43,209 - Cleaned data saved to sorted_datasets\emails.csv
2025-02-09 12:58:43,210 - Loading datasets from sorted_datasets
2025-02-09 12:58:43,869 - Loaded combined dataset of size: (50669, 797)
2025-02-09 12:58:47,460 - Best parameters: {'alpha': 0.1}
2025-02-09 12:58:47,468 - Model Accuracy: 0.9543
2025-02-09 12:58:47,468 - Precision: 0.9512, Recall: 0.9577, F1-Score: 0.9544
2025-02-09 12:58:47,474 - Classification Report:
              precision    recall  f1-score   support

         0.0       0.96      0.95      0.95      9572
         1.0       0.95      0.96      0.95      9572

    accuracy                           0.95     19144
   macro avg       0.95      0.95      0.95     19144
weighted avg       0.95      0.95      0.95     19144

2025-02-09 12:58:47,482 - Model and vectorizer saved: output\model_20250209_125847.pkl, output\vectorizer_20250209_125847.pkl
2025-02-09 12:58:47,713 - ROC curve saved.
2025-02-09 12:58:48,765 - Word cloud saved.
2025-02-19 10:25:08,113 - Cleaned data saved to sorted_datasets\cleaned_spam_data.csv
2025-02-19 10:25:11,394 - Skipping data1.csv: Missing 'text' or 'spam' column.
2025-02-19 10:25:18,124 - Skipping data1.xlsx: Missing 'text' or 'spam' column.
2025-02-19 10:25:18,189 - Skipping datatest1.csv: Missing 'text' or 'spam' column.
2025-02-19 10:25:21,136 - Cleaned data saved to sorted_datasets\emails.csv
2025-02-19 10:25:21,138 - Loading datasets from sorted_datasets
2025-02-19 10:25:21,936 - Loaded combined dataset of size: (50669, 797)
2025-02-19 10:25:25,821 - Best parameters: {'alpha': 0.1}
2025-02-19 10:25:25,829 - Model Accuracy: 0.9688
2025-02-19 10:25:25,831 - Precision: 0.9702, Recall: 0.9672, F1-Score: 0.9687
2025-02-19 10:25:25,837 - Classification Report:
              precision    recall  f1-score   support

         0.0       0.97      0.97      0.97      9572
         1.0       0.97      0.97      0.97      9572

    accuracy                           0.97     19144
   macro avg       0.97      0.97      0.97     19144
weighted avg       0.97      0.97      0.97     19144

2025-02-19 10:25:25,852 - Model and vectorizer saved: output\model_20250219_102525.pkl, output\vectorizer_20250219_102525.pkl
2025-02-19 10:25:26,085 - ROC curve saved.
2025-02-19 10:25:27,195 - Word cloud saved.
2025-02-27 11:00:40,417 - Cleaned data saved to sorted_datasets\cleaned_spam_data.csv
2025-02-27 11:00:43,613 - Skipping data1.csv: Missing 'text' or 'spam' column.
2025-02-27 11:00:50,110 - Skipping data1.xlsx: Missing 'text' or 'spam' column.
2025-02-27 11:00:50,175 - Skipping datatest1.csv: Missing 'text' or 'spam' column.
2025-02-27 11:00:53,012 - Cleaned data saved to sorted_datasets\emails.csv
2025-02-27 11:00:53,014 - Loading datasets from sorted_datasets
2025-02-27 11:00:53,829 - Loaded combined dataset of size: (50669, 797)
2025-02-27 11:00:57,544 - Best parameters: {'alpha': 0.1}
2025-02-27 11:00:57,553 - Model Accuracy: 0.9688
2025-02-27 11:00:57,553 - Precision: 0.9702, Recall: 0.9672, F1-Score: 0.9687
2025-02-27 11:00:57,559 - Classification Report:
              precision    recall  f1-score   support

         0.0       0.97      0.97      0.97      9572
         1.0       0.97      0.97      0.97      9572

    accuracy                           0.97     19144
   macro avg       0.97      0.97      0.97     19144
weighted avg       0.97      0.97      0.97     19144

2025-02-27 11:00:57,573 - Model and vectorizer saved: output\model_20250227_110057.pkl, output\vectorizer_20250227_110057.pkl
2025-02-27 11:00:57,850 - ROC curve saved.
2025-02-27 11:00:58,972 - Word cloud saved.
2025-02-27 11:06:56,069 - Skipping cleaned_spam_data.csv: Missing required columns.
2025-02-27 11:06:59,147 - Skipping data1.csv: Missing required columns.
2025-02-27 11:07:05,540 - Skipping data1.xlsx: Missing required columns.
2025-02-27 11:07:05,603 - Skipping datatest1.csv: Missing required columns.
2025-02-27 11:07:05,645 - Skipping emails.csv: Missing required columns.
2025-02-27 11:07:05,647 - Loading datasets...
2025-02-27 11:07:06,166 - Missing required columns.
2025-02-27 11:11:57,835 - Skipping cleaned_spam_data.csv: Not enough required columns.
2025-02-27 11:12:01,104 - Skipping data1.csv: Not enough required columns.
2025-02-27 11:12:07,650 - Skipping data1.xlsx: Not enough required columns.
2025-02-27 11:12:07,711 - Skipping datatest1.csv: Not enough required columns.
2025-02-27 11:12:07,753 - Skipping emails.csv: Not enough required columns.
2025-02-27 11:12:07,755 - Loading datasets...
2025-02-27 11:12:08,224 - Missing required columns.
2025-02-27 11:12:42,325 - Cleaned data saved to sorted_datasets\cleaned_spam_data.csv
2025-02-27 11:12:45,766 - Skipping data1.csv: Missing 'text' or 'spam' column.
2025-02-27 11:12:52,616 - Skipping data1.xlsx: Missing 'text' or 'spam' column.
2025-02-27 11:12:52,677 - Skipping datatest1.csv: Missing 'text' or 'spam' column.
2025-02-27 11:12:55,690 - Cleaned data saved to sorted_datasets\emails.csv
2025-02-27 11:12:55,692 - Loading datasets from sorted_datasets
2025-02-27 11:12:56,399 - Loaded combined dataset of size: (50669, 797)
2025-02-27 11:13:00,438 - Best parameters: {'alpha': 0.1}
2025-02-27 11:13:00,447 - Model Accuracy: 0.9688
2025-02-27 11:13:00,449 - Precision: 0.9702, Recall: 0.9672, F1-Score: 0.9687
2025-02-27 11:13:00,452 - Classification Report:
              precision    recall  f1-score   support

         0.0       0.97      0.97      0.97      9572
         1.0       0.97      0.97      0.97      9572

    accuracy                           0.97     19144
   macro avg       0.97      0.97      0.97     19144
weighted avg       0.97      0.97      0.97     19144

2025-02-27 11:13:00,466 - Model and vectorizer saved: output\model_20250227_111300.pkl, output\vectorizer_20250227_111300.pkl
2025-02-27 11:13:00,704 - ROC curve saved.
2025-02-27 11:13:01,837 - Word cloud saved.
2025-02-27 11:14:47,988 - Skipping cleaned_spam_data.csv: Not enough required columns.
2025-02-27 11:14:51,057 - Skipping data1.csv: Not enough required columns.
2025-02-27 11:14:57,072 - Skipping data1.xlsx: Not enough required columns.
2025-02-27 11:14:57,131 - Skipping datatest1.csv: Not enough required columns.
2025-02-27 11:14:57,173 - Skipping emails.csv: Not enough required columns.
2025-02-27 11:14:57,174 - Loading datasets...
2025-02-27 11:14:57,651 - Missing required columns.
2025-02-27 11:16:58,041 - Cleaned data saved: cleaned_spam_data.csv
2025-02-27 11:17:01,193 - Skipping data1.csv: Missing 'text' or 'spam' column.
2025-02-27 11:17:07,681 - Skipping data1.xlsx: Missing 'text' or 'spam' column.
2025-02-27 11:17:07,743 - Skipping datatest1.csv: Missing 'text' or 'spam' column.
2025-02-27 11:17:10,414 - Cleaned data saved: emails.csv
2025-02-27 11:17:10,416 - Loading datasets...
2025-02-27 11:21:41,736 - Cleaned data saved: cleaned_spam_data.csv
2025-02-27 11:21:58,398 - Cleaned data saved: data1.csv
2025-02-27 11:22:05,037 - Skipping data1.xlsx: Missing 'text' or 'spam' column.
2025-02-27 11:22:05,097 - Skipping datatest1.csv: Missing 'text' or 'spam' column.
2025-02-27 11:22:07,826 - Cleaned data saved: emails.csv
2025-02-27 11:22:07,828 - Loading datasets...
2025-02-27 11:24:04,284 - Cleaned data saved: cleaned_spam_data.csv
2025-02-27 11:24:16,203 - Cleaned data saved: data1.csv
2025-02-27 11:24:22,376 - Skipping data1.xlsx: Missing 'text' or 'spam' column.
2025-02-27 11:24:22,439 - Skipping datatest1.csv: Missing 'text' or 'spam' column.
2025-02-27 11:24:25,175 - Cleaned data saved: emails.csv
2025-02-27 11:24:25,176 - Loading datasets...
2025-02-27 11:24:38,807 - Performance: {'accuracy': 0.9548848246324806, 'precision': 0.9440802375749425, 'recall': 0.9677771395749569, 'f1_score': 0.9557818305584707}
2025-02-27 11:27:25,958 - Cleaned data saved: cleaned_spam_data.csv
2025-02-27 11:27:37,797 - Cleaned data saved: data1.csv
2025-02-27 11:27:44,191 - Skipping data1.xlsx: Missing 'text' or 'spam' column.
2025-02-27 11:27:44,253 - Skipping datatest1.csv: Missing 'text' or 'spam' column.
2025-02-27 11:27:46,989 - Cleaned data saved: emails.csv
2025-02-27 11:27:46,990 - Loading datasets...
2025-02-27 11:28:01,322 - Performance: {'accuracy': 0.9548848246324806, 'precision': 0.9440802375749425, 'recall': 0.9677771395749569, 'f1_score': 0.9557818305584707}
2025-02-27 11:31:21,141 - Cleaned data saved: cleaned_spam_data.csv
2025-02-27 11:31:32,940 - Cleaned data saved: data1.csv
2025-02-27 11:31:35,987 - Cleaned data saved: emails.csv
2025-02-27 11:31:35,988 - Loading datasets...
2025-02-27 11:31:50,005 - Performance: {'accuracy': 0.9548848246324806, 'precision': 0.9440802375749425, 'recall': 0.9677771395749569, 'f1_score': 0.9557818305584707}
2025-02-27 11:34:45,263 - Cleaned data saved: cleaned_spam_data.csv
2025-02-27 11:34:57,355 - Cleaned data saved: data1.csv
2025-02-27 11:35:00,364 - Cleaned data saved: emails.csv
2025-02-27 11:35:00,366 - Loading datasets...
2025-02-27 11:35:14,844 - Performance: {'accuracy': 0.9548848246324806, 'precision': 0.9440802375749425, 'recall': 0.9677771395749569, 'f1_score': 0.9557818305584707}
2025-02-27 11:39:41,450 - Loading datasets...
2025-02-27 11:39:54,891 - Performance: {'accuracy': 0.9548848246324806, 'precision': 0.9440802375749425, 'recall': 0.9677771395749569, 'f1_score': 0.9557818305584707}
2025-02-27 11:41:39,901 - Loading datasets...
2025-02-27 11:41:53,393 - Performance: {'accuracy': 0.9548848246324806, 'precision': 0.9440802375749425, 'recall': 0.9677771395749569, 'f1_score': 0.9557818305584707}
2025-02-27 11:43:31,791 - Loading datasets...
2025-02-27 11:43:45,222 - Performance: {'accuracy': 0.9548848246324806, 'precision': 0.9440802375749425, 'recall': 0.9677771395749569, 'f1_score': 0.9557818305584707}
2025-02-27 11:45:03,251 - Loading datasets...
2025-02-27 11:45:17,075 - Performance: {'accuracy': 0.9548848246324806, 'precision': 0.9440802375749425, 'recall': 0.9677771395749569, 'f1_score': 0.9557818305584707}
2025-02-27 11:48:20,399 - Loading datasets...
2025-02-27 11:48:34,138 - Performance: {'accuracy': 0.9548848246324806, 'precision': 0.9440802375749425, 'recall': 0.9677771395749569, 'f1_score': 0.9557818305584707}
2025-02-27 11:51:06,075 - Loading datasets...
2025-02-27 11:51:20,398 - Performance: {'accuracy': 0.9548848246324806, 'precision': 0.9440802375749425, 'recall': 0.9677771395749569, 'f1_score': 0.9557818305584707}
2025-02-27 11:55:18,931 - Loading datasets...
2025-02-27 11:55:32,741 - Performance: {'accuracy': 0.9548848246324806, 'precision': 0.9440802375749425, 'recall': 0.9677771395749569, 'f1_score': 0.9557818305584707}
2025-02-27 11:55:32,742 - Total Samples Used: 89201
2025-02-27 11:55:32,742 - Spam Count: 2811.0, Ham Count: 86390.0
2025-02-27 11:57:34,982 - Loading datasets...
2025-02-27 11:57:48,342 - Performance: {'accuracy': 0.9548848246324806, 'precision': 0.9440802375749425, 'recall': 0.9677771395749569, 'f1_score': 0.9557818305584707}
2025-02-27 11:57:48,343 - Total Samples Used: 89201
2025-02-27 11:57:48,344 - Spam Count: 2811.0, Ham Count: 86390.0
2025-02-27 12:02:52,329 - Loading datasets...
2025-02-27 12:03:06,677 - Performance: {'accuracy': 0.9548848246324806, 'precision': 0.9440802375749425, 'recall': 0.9677771395749569, 'f1_score': 0.9557818305584707}
2025-02-27 12:03:06,679 - Total Samples Used: 89201
2025-02-27 12:03:06,679 - Spam Count: 2811.0, Ham Count: 86390.0
